########### array before sorts ###########
0	55.880000	74.930000	55.880000	15.875000	n
1	13.970000	87.630000	10.682998	87.197258	n
2	10.682998	87.197258	7.620000	85.928523	n
3	7.620000	85.928523	4.989744	83.910256	n
4	4.989744	83.910256	2.971477	81.280000	n
5	2.971477	81.280000	1.702742	78.217002	n
6	1.702742	78.217002	1.270000	74.930000	n
7	55.880000	74.930000	55.447258	78.217002	n
8	55.447258	78.217002	54.178523	81.280000	n
9	54.178523	81.280000	52.160256	83.910256	n
10	52.160256	83.910256	49.530000	85.928523	n
11	49.530000	85.928523	46.467002	87.197258	n
12	46.467002	87.197258	43.180000	87.630000	n
13	13.970000	87.630000	43.180000	87.630000	n
14	1.270000	74.930000	1.270000	15.875000	n
15	1.270000	15.875000	13.970000	15.875000	n
16	43.180000	15.875000	55.880000	15.875000	n
17	19.685000	21.590000	37.465000	21.590000	n
18	19.685000	21.590000	18.205849	21.395266	n
19	18.205849	21.395266	16.827500	20.824335	n
20	16.827500	20.824335	15.643885	19.916115	n
21	15.643885	19.916115	14.735665	18.732500	n
22	14.735665	18.732500	14.164734	17.354151	n
23	14.164734	17.354151	13.970000	15.875000	n
24	37.465000	21.590000	38.944151	21.395266	n
25	38.944151	21.395266	40.322500	20.824335	n
26	40.322500	20.824335	41.506115	19.916115	n
27	41.506115	19.916115	42.414335	18.732500	n
28	42.414335	18.732500	42.985266	17.354151	n
29	42.985266	17.354151	43.180000	15.875000	n
Tolerance=0.050000.
*Exact match for i=0 and j=16.
*i point 55.880000	74.930000	55.880000	15.875000	y
	*Before flip 	43.180000	15.875000	55.880000	15.875000	y
	*After flip 	55.880000	15.875000	43.180000	15.875000	y
*Exact match for i=1 and j=29.
*i point 55.880000	15.875000	43.180000	15.875000	y
	*Before flip 	42.985266	17.354151	43.180000	15.875000	y
	*After flip 	43.180000	15.875000	42.985266	17.354151	y
*Exact match for i=2 and j=28.
*i point 43.180000	15.875000	42.985266	17.354151	y
	*Before flip 	42.414335	18.732500	42.985266	17.354151	y
	*After flip 	42.985266	17.354151	42.414335	18.732500	y
*Exact match for i=3 and j=27.
*i point 42.985266	17.354151	42.414335	18.732500	y
	*Before flip 	41.506115	19.916115	42.414335	18.732500	y
	*After flip 	42.414335	18.732500	41.506115	19.916115	y
*Exact match for i=4 and j=26.
*i point 42.414335	18.732500	41.506115	19.916115	y
	*Before flip 	40.322500	20.824335	41.506115	19.916115	y
	*After flip 	41.506115	19.916115	40.322500	20.824335	y
*Exact match for i=5 and j=25.
*i point 41.506115	19.916115	40.322500	20.824335	y
	*Before flip 	38.944151	21.395266	40.322500	20.824335	y
	*After flip 	40.322500	20.824335	38.944151	21.395266	y
*Exact match for i=6 and j=24.
*i point 40.322500	20.824335	38.944151	21.395266	y
	*Before flip 	37.465000	21.590000	38.944151	21.395266	y
	*After flip 	38.944151	21.395266	37.465000	21.590000	y
*Exact match for i=7 and j=17.
*i point 38.944151	21.395266	37.465000	21.590000	y
	*Before flip 	19.685000	21.590000	37.465000	21.590000	y
	*After flip 	37.465000	21.590000	19.685000	21.590000	y
*Exact match for i=8 and j=18.
*i point 37.465000	21.590000	19.685000	21.590000	y
*Exact match for i=9 and j=19.
*i point 19.685000	21.590000	18.205849	21.395266	y
*Exact match for i=10 and j=20.
*i point 18.205849	21.395266	16.827500	20.824335	y
*Exact match for i=11 and j=21.
*i point 16.827500	20.824335	15.643885	19.916115	y
*Exact match for i=12 and j=22.
*i point 15.643885	19.916115	14.735665	18.732500	y
*Exact match for i=13 and j=23.
*i point 14.735665	18.732500	14.164734	17.354151	y
*Exact match for i=14 and j=15.
*i point 14.164734	17.354151	13.970000	15.875000	y
	*Before flip 	1.270000	15.875000	13.970000	15.875000	y
	*After flip 	13.970000	15.875000	1.270000	15.875000	y
*Exact match for i=15 and j=23.
*i point 13.970000	15.875000	1.270000	15.875000	y
	*Before flip 	1.270000	74.930000	1.270000	15.875000	y
	*After flip 	1.270000	15.875000	1.270000	74.930000	y
*Exact match for i=16 and j=25.
*i point 1.270000	15.875000	1.270000	74.930000	y
	*Before flip 	1.702742	78.217002	1.270000	74.930000	y
	*After flip 	1.270000	74.930000	1.702742	78.217002	y
*Exact match for i=17 and j=26.
*i point 1.270000	74.930000	1.702742	78.217002	y
	*Before flip 	2.971477	81.280000	1.702742	78.217002	y
	*After flip 	1.702742	78.217002	2.971477	81.280000	y
*Exact match for i=18 and j=27.
*i point 1.702742	78.217002	2.971477	81.280000	y
	*Before flip 	4.989744	83.910256	2.971477	81.280000	y
	*After flip 	2.971477	81.280000	4.989744	83.910256	y
*Exact match for i=19 and j=28.
*i point 2.971477	81.280000	4.989744	83.910256	y
	*Before flip 	7.620000	85.928523	4.989744	83.910256	y
	*After flip 	4.989744	83.910256	7.620000	85.928523	y
*Exact match for i=20 and j=29.
*i point 4.989744	83.910256	7.620000	85.928523	y
	*Before flip 	10.682998	87.197258	7.620000	85.928523	y
	*After flip 	7.620000	85.928523	10.682998	87.197258	y
*Exact match for i=21 and j=23.
*i point 7.620000	85.928523	10.682998	87.197258	y
	*Before flip 	13.970000	87.630000	10.682998	87.197258	y
	*After flip 	10.682998	87.197258	13.970000	87.630000	y
*Exact match for i=22 and j=23.
*i point 10.682998	87.197258	13.970000	87.630000	y
*Exact match for i=23 and j=29.
*i point 13.970000	87.630000	43.180000	87.630000	y
	*Before flip 	46.467002	87.197258	43.180000	87.630000	y
	*After flip 	43.180000	87.630000	46.467002	87.197258	y
*Exact match for i=24 and j=28.
*i point 43.180000	87.630000	46.467002	87.197258	y
	*Before flip 	49.530000	85.928523	46.467002	87.197258	y
	*After flip 	46.467002	87.197258	49.530000	85.928523	y
*Exact match for i=25 and j=27.
*i point 46.467002	87.197258	49.530000	85.928523	y
	*Before flip 	52.160256	83.910256	49.530000	85.928523	y
	*After flip 	49.530000	85.928523	52.160256	83.910256	y
*Exact match for i=26 and j=27.
*i point 49.530000	85.928523	52.160256	83.910256	y
	*Before flip 	54.178523	81.280000	52.160256	83.910256	y
	*After flip 	52.160256	83.910256	54.178523	81.280000	y
*Exact match for i=27 and j=28.
*i point 52.160256	83.910256	54.178523	81.280000	y
	*Before flip 	55.447258	78.217002	54.178523	81.280000	y
	*After flip 	54.178523	81.280000	55.447258	78.217002	y
*Exact match for i=28 and j=29.
*i point 54.178523	81.280000	55.447258	78.217002	y
	*Before flip 	55.880000	74.930000	55.447258	78.217002	y
	*After flip 	55.447258	78.217002	55.880000	74.930000	y
########### array after sorts ###########
0	55.880000	74.930000	55.880000	15.875000	y
1	55.880000	15.875000	43.180000	15.875000	y
2	43.180000	15.875000	42.985266	17.354151	y
3	42.985266	17.354151	42.414335	18.732500	y
4	42.414335	18.732500	41.506115	19.916115	y
5	41.506115	19.916115	40.322500	20.824335	y
6	40.322500	20.824335	38.944151	21.395266	y
7	38.944151	21.395266	37.465000	21.590000	y
8	37.465000	21.590000	19.685000	21.590000	y
9	19.685000	21.590000	18.205849	21.395266	y
10	18.205849	21.395266	16.827500	20.824335	y
11	16.827500	20.824335	15.643885	19.916115	y
12	15.643885	19.916115	14.735665	18.732500	y
13	14.735665	18.732500	14.164734	17.354151	y
14	14.164734	17.354151	13.970000	15.875000	y
15	13.970000	15.875000	1.270000	15.875000	y
16	1.270000	15.875000	1.270000	74.930000	y
17	1.270000	74.930000	1.702742	78.217002	y
18	1.702742	78.217002	2.971477	81.280000	y
19	2.971477	81.280000	4.989744	83.910256	y
20	4.989744	83.910256	7.620000	85.928523	y
21	7.620000	85.928523	10.682998	87.197258	y
22	10.682998	87.197258	13.970000	87.630000	y
23	13.970000	87.630000	43.180000	87.630000	y
24	43.180000	87.630000	46.467002	87.197258	y
25	46.467002	87.197258	49.530000	85.928523	y
26	49.530000	85.928523	52.160256	83.910256	y
27	52.160256	83.910256	54.178523	81.280000	y
28	54.178523	81.280000	55.447258	78.217002	y
29	55.447258	78.217002	55.880000	74.930000	y
***************
.BOARD_OUTLINE UNOWNED
1.6
0     55.880000     74.930000     0
0     55.880000     15.875000     0
0     43.180000     15.875000     0
0     42.985266     17.354151     0
0     42.414335     18.732500     0
0     41.506115     19.916115     0
0     40.322500     20.824335     0
0     38.944151     21.395266     0
0     37.465000     21.590000     0
0     19.685000     21.590000     0
0     18.205849     21.395266     0
0     16.827500     20.824335     0
0     15.643885     19.916115     0
0     14.735665     18.732500     0
0     14.164734     17.354151     0
0     13.970000     15.875000     0
0     1.270000     15.875000     0
0     1.270000     74.930000     0
0     1.702742     78.217002     0
0     2.971477     81.280000     0
0     4.989744     83.910256     0
0     7.620000     85.928523     0
0     10.682998     87.197258     0
0     13.970000     87.630000     0
0     43.180000     87.630000     0
0     46.467002     87.197258     0
0     49.530000     85.928523     0
0     52.160256     83.910256     0
0     54.178523     81.280000     0
0     55.447258     78.217002     0
0     55.880000     74.930000     0
