########### array before sorts ###########
0	0.508000	-0.254000	89.662000	0.000000	n
1	89.662000	0.000000	89.662000	97.790000	n
2	89.662000	97.790000	0.508000	97.790000	n
3	0.508000	97.790000	0.508000	-0.254000	n
Tolerance=0.050000.
*Exact match for i=0 and j=1.
*i point 0.508000	-0.254000	89.662000	0.000000	y
*Exact match for i=1 and j=2.
*i point 89.662000	0.000000	89.662000	97.790000	y
*Exact match for i=2 and j=3.
*i point 89.662000	97.790000	0.508000	97.790000	y
########### array after sorts ###########
0	0.508000	-0.254000	89.662000	0.000000	y
1	89.662000	0.000000	89.662000	97.790000	y
2	89.662000	97.790000	0.508000	97.790000	y
3	0.508000	97.790000	0.508000	-0.254000	y
***************
.BOARD_OUTLINE UNOWNED
1.6
0     0.508000     -0.254000     0
0     89.662000     0.000000     0
0     89.662000     97.790000     0
0     0.508000     97.790000     0
0     0.508000     -0.254000     0
